# JRE version: Java(TM) SE Runtime Environment (8.0_05-b13) (build 1.8.0_05-b13)
# Java VM: Java HotSpot(TM) 64-Bit Server VM (25.5-b02 mixed mode windows-amd64 compressed oops)
Heap:
 PSYoungGen      total 1536K, used 731K [0x000000076b100000, 0x000000076b300000, 0x00000007c0000000)
  eden space 1024K, 21% used [0x000000076b100000,0x000000076b137090,0x000000076b200000)
  from space 512K, 99% used [0x000000076b280000,0x000000076b2ffc10,0x000000076b300000)
  to   space 512K, 0% used [0x000000076b200000,0x000000076b200000,0x000000076b280000)
 ParOldGen       total 260608K, used 397K [0x00000006c1200000, 0x00000006d1080000, 0x000000076b100000)
  object space 260608K, 0% used [0x00000006c1200000,0x00000006c1263628,0x00000006d1080000)
 Metaspace       used 2870K, capacity 4562K, committed 4864K, reserved 1056768K
  class space    used 308K, capacity 386K, committed 512K, reserved 1048576K
GC Heap History (8 events):
Event: 0.105 GC heap before
{Heap before GC invocations=1 (full 0):
 PSYoungGen      total 1024K, used 512K [0x000000076b100000, 0x000000076b280000, 0x00000007c0000000)
  eden space 512K, 100% used [0x000000076b100000,0x000000076b180000,0x000000076b180000)
  from space 512K, 0% used [0x000000076b200000,0x000000076b200000,0x000000076b280000)
  to   space 512K, 0% used [0x000000076b180000,0x000000076b180000,0x000000076b200000)
 ParOldGen       total 260608K, used 0K [0x00000006c1200000, 0x00000006d1080000, 0x000000076b100000)
  object space 260608K, 0% used [0x00000006c1200000,0x00000006c1200000,0x00000006d1080000)
 Metaspace       used 2252K, capacity 4480K, committed 4480K, reserved 1056768K
  class space    used 244K, capacity 384K, committed 384K, reserved 1048576K
Event: 0.106 GC heap after
Heap after GC invocations=1 (full 0):
 PSYoungGen      total 1024K, used 480K [0x000000076b100000, 0x000000076b280000, 0x00000007c0000000)
  eden space 512K, 0% used [0x000000076b100000,0x000000076b100000,0x000000076b180000)
  from space 512K, 93% used [0x000000076b180000,0x000000076b1f8020,0x000000076b200000)
  to   space 512K, 0% used [0x000000076b200000,0x000000076b200000,0x000000076b280000)
 ParOldGen       total 260608K, used 0K [0x00000006c1200000, 0x00000006d1080000, 0x000000076b100000)
  object space 260608K, 0% used [0x00000006c1200000,0x00000006c1200000,0x00000006d1080000)
 Metaspace       used 2252K, capacity 4480K, committed 4480K, reserved 1056768K
  class space    used 244K, capacity 384K, committed 384K, reserved 1048576K
}
Event: 0.133 GC heap before
{Heap before GC invocations=2 (full 0):
 PSYoungGen      total 1024K, used 991K [0x000000076b100000, 0x000000076b280000, 0x00000007c0000000)
  eden space 512K, 99% used [0x000000076b100000,0x000000076b17ffd0,0x000000076b180000)
  from space 512K, 93% used [0x000000076b180000,0x000000076b1f8020,0x000000076b200000)
  to   space 512K, 0% used [0x000000076b200000,0x000000076b200000,0x000000076b280000)
 ParOldGen       total 260608K, used 0K [0x00000006c1200000, 0x00000006d1080000, 0x000000076b100000)
  object space 260608K, 0% used [0x00000006c1200000,0x00000006c1200000,0x00000006d1080000)
 Metaspace       used 2860K, capacity 4498K, committed 4864K, reserved 1056768K
  class space    used 307K, capacity 386K, committed 512K, reserved 1048576K
Event: 0.134 GC heap after
Heap after GC invocations=2 (full 0):
 PSYoungGen      total 1024K, used 496K [0x000000076b100000, 0x000000076b300000, 0x00000007c0000000)
  eden space 512K, 0% used [0x000000076b100000,0x000000076b100000,0x000000076b180000)
  from space 512K, 96% used [0x000000076b200000,0x000000076b27c010,0x000000076b280000)
  to   space 512K, 0% used [0x000000076b180000,0x000000076b180000,0x000000076b200000)
 ParOldGen       total 260608K, used 176K [0x00000006c1200000, 0x00000006d1080000, 0x000000076b100000)
  object space 260608K, 0% used [0x00000006c1200000,0x00000006c122c000,0x00000006d1080000)
 Metaspace       used 2860K, capacity 4498K, committed 4864K, reserved 1056768K
  class space    used 307K, capacity 386K, committed 512K, reserved 1048576K
}
Event: 0.144 GC heap before
{Heap before GC invocations=3 (full 0):
 PSYoungGen      total 1024K, used 919K [0x000000076b100000, 0x000000076b300000, 0x00000007c0000000)
  eden space 512K, 82% used [0x000000076b100000,0x000000076b169f80,0x000000076b180000)
  from space 512K, 96% used [0x000000076b200000,0x000000076b27c010,0x000000076b280000)
  to   space 512K, 0% used [0x000000076b180000,0x000000076b180000,0x000000076b200000)
 ParOldGen       total 260608K, used 176K [0x00000006c1200000, 0x00000006d1080000, 0x000000076b100000)
  object space 260608K, 0% used [0x00000006c1200000,0x00000006c122c000,0x00000006d1080000)
 Metaspace       used 2864K, capacity 4498K, committed 4864K, reserved 1056768K
  class space    used 307K, capacity 386K, committed 512K, reserved 1048576K
Event: 0.145 GC heap after
Heap after GC invocations=3 (full 0):
 PSYoungGen      total 1024K, used 495K [0x000000076b100000, 0x000000076b300000, 0x00000007c0000000)
  eden space 512K, 0% used [0x000000076b100000,0x000000076b100000,0x000000076b180000)
  from space 512K, 96% used [0x000000076b180000,0x000000076b1fbc20,0x000000076b200000)
  to   space 512K, 0% used [0x000000076b280000,0x000000076b280000,0x000000076b300000)
 ParOldGen       total 260608K, used 365K [0x00000006c1200000, 0x00000006d1080000, 0x000000076b100000)
  object space 260608K, 0% used [0x00000006c1200000,0x00000006c125b628,0x00000006d1080000)
 Metaspace       used 2864K, capacity 4498K, committed 4864K, reserved 1056768K
  class space    used 307K, capacity 386K, committed 512K, reserved 1048576K
}
Event: 0.149 GC heap before
{Heap before GC invocations=4 (full 0):
 PSYoungGen      total 1024K, used 991K [0x000000076b100000, 0x000000076b300000, 0x00000007c0000000)
  eden space 512K, 97% used [0x000000076b100000,0x000000076b17c2c0,0x000000076b180000)
  from space 512K, 96% used [0x000000076b180000,0x000000076b1fbc20,0x000000076b200000)
  to   space 512K, 0% used [0x000000076b280000,0x000000076b280000,0x000000076b300000)
 ParOldGen       total 260608K, used 365K [0x00000006c1200000, 0x00000006d1080000, 0x000000076b100000)
  object space 260608K, 0% used [0x00000006c1200000,0x00000006c125b628,0x00000006d1080000)
 Metaspace       used 2865K, capacity 4498K, committed 4864K, reserved 1056768K
  class space    used 307K, capacity 386K, committed 512K, reserved 1048576K
Event: 0.149 GC heap after
Heap after GC invocations=4 (full 0):
 PSYoungGen      total 1536K, used 511K [0x000000076b100000, 0x000000076b300000, 0x00000007c0000000)
  eden space 1024K, 0% used [0x000000076b100000,0x000000076b100000,0x000000076b200000)
  from space 512K, 99% used [0x000000076b280000,0x000000076b2ffc10,0x000000076b300000)
  to   space 512K, 0% used [0x000000076b200000,0x000000076b200000,0x000000076b280000)
 ParOldGen       total 260608K, used 397K [0x00000006c1200000, 0x00000006d1080000, 0x000000076b100000)
  object space 260608K, 0% used [0x00000006c1200000,0x00000006c1263628,0x00000006d1080000)
 Metaspace       used 2865K, capacity 4498K, committed 4864K, reserved 1056768K
  class space    used 307K, capacity 386K, committed 512K, reserved 1048576K
}

