<?xml version="1.0" encoding="UTF-8"?>
<!-- Generated by org.testng.reporters.JUnitXMLReporter -->
<testsuite hostname="salsalabs7" ignored="0" name="Verify merge fields in the email (FIREFOX)" tests="1" failures="0" timestamp="23 серп. 2017 12:17:52 GMT" time="112.121" errors="0">
  <testcase name="verifySocialMediaPagesInTheFollowUpElement" time="107.45" classname="com.salsalabs.ignite.automation.suites.regression.SocialMediaPagesTest"/>
</testsuite> <!-- Verify merge fields in the email (FIREFOX) -->
