<?xml version="1.0" encoding="UTF-8"?>
<testng-results skipped="0" failed="0" ignored="0" total="1" passed="1">
  <reporter-output>
  </reporter-output>
  <suite name="Verify merge fields in the email" duration-ms="112121" started-at="2017-08-23T12:16:00Z" finished-at="2017-08-23T12:17:52Z">
    <groups>
      <group name="settings.SocialMediaPages">
        <method signature="SocialMediaPagesTest.verifySocialMediaPagesInTheFollowUpElement(java.lang.String, java.lang.String, java.lang.String, java.lang.String, java.lang.String, java.lang.String, java.lang.String, java.lang.String, java.lang.String)[pri:0, instance:com.salsalabs.ignite.automation.suites.regression.SocialMediaPagesTest@2d710f1a]" name="verifySocialMediaPagesInTheFollowUpElement" class="com.salsalabs.ignite.automation.suites.regression.SocialMediaPagesTest"/>
      </group> <!-- settings.SocialMediaPages -->
    </groups>
    <test name="Verify merge fields in the email (FIREFOX)" duration-ms="112121" started-at="2017-08-23T12:16:00Z" finished-at="2017-08-23T12:17:52Z">
      <class name="com.salsalabs.ignite.automation.suites.regression.SocialMediaPagesTest">
        <test-method status="PASS" signature="beforeSuite(java.lang.String, java.lang.String, java.lang.String)[pri:0, instance:com.salsalabs.ignite.automation.suites.regression.SocialMediaPagesTest@2d710f1a]" name="beforeSuite" is-config="true" duration-ms="2863" started-at="2017-08-23T15:16:00Z" finished-at="2017-08-23T15:16:03Z">
          <params>
            <param index="0">
              <value>
                <![CDATA[CHROME]]>
              </value>
            </param>
            <param index="1">
              <value>
                <![CDATA[TEST]]>
              </value>
            </param>
            <param index="2">
              <value>
                <![CDATA[LOCAL]]>
              </value>
            </param>
          </params>
          <reporter-output>
          </reporter-output>
        </test-method> <!-- beforeSuite -->
        <test-method status="PASS" signature="verifySocialMediaPagesInTheFollowUpElement(java.lang.String, java.lang.String, java.lang.String, java.lang.String, java.lang.String, java.lang.String, java.lang.String, java.lang.String, java.lang.String)[pri:0, instance:com.salsalabs.ignite.automation.suites.regression.SocialMediaPagesTest@2d710f1a]" name="verifySocialMediaPagesInTheFollowUpElement" duration-ms="107450" started-at="2017-08-23T15:16:03Z" finished-at="2017-08-23T15:17:50Z">
          <params>
            <param index="0">
              <value>
                <![CDATA[2712.3e41c646@mailosaur.in]]>
              </value>
            </param>
            <param index="1">
              <value>
                <![CDATA[!QAZ2wsx]]>
              </value>
            </param>
            <param index="2">
              <value>
                <![CDATA[https://www.facebook.com/profile.php?id=100014040091246]]>
              </value>
            </param>
            <param index="3">
              <value>
                <![CDATA[https://twitter.com/KirilGolovin]]>
              </value>
            </param>
            <param index="4">
              <value>
                <![CDATA[https://www.instagram.com/phuket_guide/]]>
              </value>
            </param>
            <param index="5">
              <value>
                <![CDATA[https://www.pinterest.com/autotestpintres/]]>
              </value>
            </param>
            <param index="6">
              <value>
                <![CDATA[https://www.youtube.com/user/RBCSINC]]>
              </value>
            </param>
            <param index="7">
              <value>
                <![CDATA[https://www.linkedin.com/in/salsa-salsa-0ab7bb118/]]>
              </value>
            </param>
            <param index="8">
              <value>
                <![CDATA[https://autotesterov.tumblr.com/]]>
              </value>
            </param>
          </params>
          <reporter-output>
          </reporter-output>
        </test-method> <!-- verifySocialMediaPagesInTheFollowUpElement -->
        <test-method status="PASS" signature="stopTestOnDriver()[pri:0, instance:com.salsalabs.ignite.automation.suites.regression.SocialMediaPagesTest@2d710f1a]" name="stopTestOnDriver" is-config="true" duration-ms="1789" started-at="2017-08-23T15:17:50Z" finished-at="2017-08-23T15:17:52Z">
          <reporter-output>
          </reporter-output>
        </test-method> <!-- stopTestOnDriver -->
      </class> <!-- com.salsalabs.ignite.automation.suites.regression.SocialMediaPagesTest -->
    </test> <!-- Verify merge fields in the email (FIREFOX) -->
  </suite> <!-- Verify merge fields in the email -->
</testng-results>
